<?xml version="1.0" encoding="UTF-8"?>
<testsuite xmlns:xsi="http://www.w3.org/2001/XMLSchema-instance" xsi:noNamespaceSchemaLocation="https://maven.apache.org/surefire/maven-surefire-plugin/xsd/surefire-test-report-3.0.xsd" version="3.0" name="com.redis.data.SpringRedisDataApplicationTests" time="11.619" tests="1" errors="0" skipped="0" failures="0">
  <properties>
[...]
</properties>
  <testcase name="contextLoads" classname="com.redis.data.SpringRedisDataApplicationTests" time="2.727">
    <system-out><![CDATA[18:05:24.099 [main] INFO org.springframework.test.context.support.AnnotationConfigContextLoaderUtils -- Could not detect default configuration classes for test class [com.redis.data.SpringRedisDataApplicationTests]: SpringRedisDataApplicationTests does not declare any static, non-private, non-final, nested classes annotated with @Configuration.
18:05:24.527 [main] INFO org.springframework.boot.test.context.SpringBootTestContextBootstrapper -- Found @SpringBootConfiguration com.redis.data.SpringRedisDataApplication for test class com.redis.data.SpringRedisDataApplicationTests

  .   ____          _            __ _ _
 /\\ / ___'_ __ _ _(_)_ __  __ _ \ \ \ \
( ( )\___ | '_ | '_| | '_ \/ _` | \ \ \ \
 \\/  ___)| |_)| | | | | || (_| |  ) ) ) )
  '  |____| .__|_| |_|_| |_\__, | / / / /
 =========|_|==============|___/=/_/_/_/
 :: Spring Boot ::                (v3.2.4)

2024-03-29T18:05:26.114+01:00  INFO 21828 --- [spring-redis-data] [           main] c.r.d.SpringRedisDataApplicationTests    : Starting SpringRedisDataApplicationTests using Java 17.0.3.1 with PID 21828 (started by USER in C:\SwipeTech\Projects\DEMOS2\spring-redis-data)
2024-03-29T18:05:26.120+01:00  INFO 21828 --- [spring-redis-data] [           main] c.r.d.SpringRedisDataApplicationTests    : No active profile set, falling back to 1 default profile: "default"
2024-03-29T18:05:27.780+01:00  INFO 21828 --- [spring-redis-data] [           main] .s.d.r.c.RepositoryConfigurationDelegate : Multiple Spring Data modules found, entering strict repository configuration mode
2024-03-29T18:05:27.785+01:00  INFO 21828 --- [spring-redis-data] [           main] .s.d.r.c.RepositoryConfigurationDelegate : Bootstrapping Spring Data Redis repositories in DEFAULT mode.
2024-03-29T18:05:27.846+01:00  INFO 21828 --- [spring-redis-data] [           main] .s.d.r.c.RepositoryConfigurationDelegate : Finished Spring Data repository scanning in 26 ms. Found 0 Redis repository interfaces.
2024-03-29T18:05:32.404+01:00  INFO 21828 --- [spring-redis-data] [           main] c.r.d.SpringRedisDataApplicationTests    : Started SpringRedisDataApplicationTests in 7.433 seconds (process running for 10.136)
]]></system-out>
  </testcase>
</testsuite>